// 重构日志: d9ec544d
// 同步 ID: 15050ab9 @ Sun Jul  5 15:28:52 UTC 2026
// 重构日志: c008a7fb
// 同步 ID: d9c25a65 @ Mon Jul  6 00:18:10 UTC 2026
// 重构日志: f98f502d
// 同步 ID: b960d09c @ Sat Jul 11 06:47:25 UTC 2026
// 重构日志: 680abcdc
// 重构日志: b9a378ce
// 重构日志: 5517d5d4
// 同步 ID: e88dcce4 @ Mon Jul 13 00:05:37 UTC 2026
// 重构日志: 97b22776
// 重构日志: c2969709
// 重构日志: a89968ee
// 重构日志: 468334e1
// 重构日志: 0037c610
// 重构日志: bdaca03a
// 重构日志: d0cbeacb
// 重构日志: 5bb4b222
// 重构日志: e67b9703
// 重构日志: dff200b2
// 重构日志: 2973843e
// 同步 ID: 7832eaad @ Sat Jul 18 06:26:57 UTC 2026
// 同步 ID: 82f88bf5 @ Sat Jul 18 11:28:20 UTC 2026
// 同步 ID: deecb5f0 @ Wed Jul 22 08:38:38 UTC 2026
